{"/workplace/web_font_end/study/node_study/lesson6/main.js":{"path":"/workplace/web_font_end/study/node_study/lesson6/main.js","s":{"1":1,"2":1,"3":1,"4":182,"5":1,"6":181,"7":1,"8":180,"9":1,"10":179,"11":35,"12":35,"13":144,"14":56,"15":56,"16":88,"17":1,"18":0,"19":0,"20":1},"b":{"1":[1,181],"2":[1,180],"3":[1,179],"4":[35,144],"5":[56,88],"6":[0,1]},"f":{},"fnMap":{},"statementMap":{"1":{"start":{"line":12,"column":0},"end":{"line":12,"column":12}},"2":{"start":{"line":13,"column":0},"end":{"line":13,"column":12}},"3":{"start":{"line":14,"column":0},"end":{"line":52,"column":1}},"4":{"start":{"line":16,"column":4},"end":{"line":18,"column":5}},"5":{"start":{"line":17,"column":8},"end":{"line":17,"column":48}},"6":{"start":{"line":19,"column":4},"end":{"line":21,"column":5}},"7":{"start":{"line":20,"column":8},"end":{"line":20,"column":41}},"8":{"start":{"line":23,"column":4},"end":{"line":25,"column":5}},"9":{"start":{"line":24,"column":8},"end":{"line":24,"column":40}},"10":{"start":{"line":28,"column":4},"end":{"line":32,"column":5}},"11":{"start":{"line":29,"column":8},"end":{"line":29,"column":14}},"12":{"start":{"line":31,"column":8},"end":{"line":31,"column":17}},"13":{"start":{"line":33,"column":4},"end":{"line":38,"column":5}},"14":{"start":{"line":35,"column":8},"end":{"line":35,"column":14}},"15":{"start":{"line":37,"column":8},"end":{"line":37,"column":17}},"16":{"start":{"line":51,"column":4},"end":{"line":51,"column":46}},"17":{"start":{"line":54,"column":0},"end":{"line":65,"column":1}},"18":{"start":{"line":62,"column":4},"end":{"line":62,"column":36}},"19":{"start":{"line":64,"column":4},"end":{"line":64,"column":57}},"20":{"start":{"line":67,"column":0},"end":{"line":69,"column":1}}},"branchMap":{"1":{"line":16,"type":"if","locations":[{"start":{"line":16,"column":4},"end":{"line":16,"column":4}},{"start":{"line":16,"column":4},"end":{"line":16,"column":4}}]},"2":{"line":19,"type":"if","locations":[{"start":{"line":19,"column":4},"end":{"line":19,"column":4}},{"start":{"line":19,"column":4},"end":{"line":19,"column":4}}]},"3":{"line":23,"type":"if","locations":[{"start":{"line":23,"column":4},"end":{"line":23,"column":4}},{"start":{"line":23,"column":4},"end":{"line":23,"column":4}}]},"4":{"line":28,"type":"if","locations":[{"start":{"line":28,"column":4},"end":{"line":28,"column":4}},{"start":{"line":28,"column":4},"end":{"line":28,"column":4}}]},"5":{"line":33,"type":"if","locations":[{"start":{"line":33,"column":4},"end":{"line":33,"column":4}},{"start":{"line":33,"column":4},"end":{"line":33,"column":4}}]},"6":{"line":54,"type":"if","locations":[{"start":{"line":54,"column":0},"end":{"line":54,"column":0}},{"start":{"line":54,"column":0},"end":{"line":54,"column":0}}]}}}}